e:\src\dsa\samples\cskaoyan\sequence_list\x64\debug\vc142.pdb
e:\src\dsa\samples\cskaoyan\sequence_list\x64\debug\vc142.idb
e:\src\dsa\samples\cskaoyan\sequence_list\x64\debug\sqlist_test.obj
e:\src\dsa\samples\cskaoyan\sequence_list\x64\debug\sqlist.obj
e:\src\dsa\samples\cskaoyan\sequence_list\x64\debug\sq_list_test.obj
e:\src\dsa\samples\cskaoyan\sequence_list\x64\debug\sq_list.obj
e:\src\dsa\samples\cskaoyan\sequence_list\x64\debug\func.obj
e:\src\dsa\samples\cskaoyan\sequence_list\x64\debug\homework.obj
e:\src\dsa\samples\cskaoyan\x64\debug\sequence_list.pdb
e:\src\dsa\samples\cskaoyan\sequence_list\x64\debug\sequence_list.tlog\cl.command.1.tlog
e:\src\dsa\samples\cskaoyan\sequence_list\x64\debug\sequence_list.tlog\cl.read.1.tlog
e:\src\dsa\samples\cskaoyan\sequence_list\x64\debug\sequence_list.tlog\cl.write.1.tlog
e:\src\dsa\samples\cskaoyan\sequence_list\x64\debug\sequence_list.tlog\link-cvtres.read.1.tlog
e:\src\dsa\samples\cskaoyan\sequence_list\x64\debug\sequence_list.tlog\link-cvtres.write.1.tlog
e:\src\dsa\samples\cskaoyan\sequence_list\x64\debug\sequence_list.tlog\link-rc.read.1.tlog
e:\src\dsa\samples\cskaoyan\sequence_list\x64\debug\sequence_list.tlog\link-rc.write.1.tlog
e:\src\dsa\samples\cskaoyan\sequence_list\x64\debug\sequence_list.tlog\link.8248-cvtres.read.1.tlog
e:\src\dsa\samples\cskaoyan\sequence_list\x64\debug\sequence_list.tlog\link.8248-cvtres.write.1.tlog
e:\src\dsa\samples\cskaoyan\sequence_list\x64\debug\sequence_list.tlog\link.8248-rc.read.1.tlog
e:\src\dsa\samples\cskaoyan\sequence_list\x64\debug\sequence_list.tlog\link.8248-rc.write.1.tlog
e:\src\dsa\samples\cskaoyan\sequence_list\x64\debug\sequence_list.tlog\link.8248.read.1.tlog
e:\src\dsa\samples\cskaoyan\sequence_list\x64\debug\sequence_list.tlog\link.8248.write.1.tlog
e:\src\dsa\samples\cskaoyan\sequence_list\x64\debug\sequence_list.tlog\link.command.1.tlog
e:\src\dsa\samples\cskaoyan\sequence_list\x64\debug\sequence_list.tlog\link.read.1.tlog
e:\src\dsa\samples\cskaoyan\sequence_list\x64\debug\sequence_list.tlog\link.write.1.tlog
